<?xml version="1.0" encoding="UTF-8"?>
<testsuites name="PruebaConDatosVarios" time="245.168" tests="20" failures="1" skips="0" errors="0">
   <testsuite name="PruebaConDatosVarios" tests="20" failures="1" errors="0" time="245.168" skips="0" timestamp="2021-02-16 11:09:16" hostname="zamir - 192.168.0.18" id="Test Suites/PruebaConDatosVarios">
      <properties>
         <property name="deviceName" value=""/>
         <property name="devicePlatform" value=""/>
         <property name="logFolder" value="C:\\Users\\zamir\\git\\test-factorial-katalon\\Reports\\20210216_110913\\PruebaConDatosVarios\\20210216_110914"/>
         <property name="logFiles" value="C:\\Users\\zamir\\git\\test-factorial-katalon\\Reports\\20210216_110913\\PruebaConDatosVarios\\20210216_110914\\execution0.log"/>
         <property name="attachments" value="C:\\Users\\zamir\\git\\test-factorial-katalon\\Reports\\20210216_110913\\PruebaConDatosVarios\\20210216_110914\\1613488295469.png"/>
         <property name="hostName" value="zamir - 192.168.0.18"/>
         <property name="os" value="Windows 10 64bit"/>
         <property name="katalonVersion" value="null.null"/>
         <property name="browser" value="Chrome 88.0.4324.150"/>
         <property name="hostAddress" value="192.168.0.18"/>
         <property name="sessionId" value="6575e445df56c89505c3c9919be96dce"/>
         <property name="seleniumVersion" value="3.141.59"/>
         <property name="proxyInformation" value="ProxyInformation { proxyOption=NO_PROXY, proxyServerType=HTTP, username=, password=********, proxyServerAddress=, proxyServerPort=0, executionList=&quot;&quot;, isApplyToDesiredCapabilities=true }"/>
         <property name="platform" value="Windows 10"/>
      </properties>
      <testcase name="Test Cases/PruebaDatosVarios" time="12.562" classname="Test Cases/PruebaDatosVarios" status="PASSED">
         <system-out><![CDATA[2021-02-16 11:09:17 - [TEST_CASE][PASSED] - Test Cases/PruebaDatosVarios: Test Cases/PruebaDatosVarios

2021-02-16 11:09:18 - [TEST_STEP][PASSED] - openBrowser(""): Browser is opened with url: ''

2021-02-16 11:09:18 - [MESSAGE][INFO] - Starting 'Chrome' driver

2021-02-16 11:09:18 - [MESSAGE][INFO] - Action delay is set to 0 milliseconds

2021-02-16 11:09:25 - [MESSAGE][PASSED] - Browser is opened with url: ''

2021-02-16 11:09:25 - [TEST_STEP][PASSED] - navigateToUrl("http://qainterview.pythonanywhere.com/"): Navigate to 'http://qainterview.pythonanywhere.com/' successfully

2021-02-16 11:09:29 - [MESSAGE][PASSED] - Navigate to 'http://qainterview.pythonanywhere.com/' successfully

2021-02-16 11:09:29 - [TEST_STEP][PASSED] - setText(findTestObject("Object Repository/Page_Factoriall/input_The greatest factorial calculator_number"), number): Text 'a' is set on object 'Object Repository/Page_Factoriall/input_The greatest factorial calculator_number'

2021-02-16 11:09:29 - [MESSAGE][PASSED] - Text 'a' is set on object 'Object Repository/Page_Factoriall/input_The greatest factorial calculator_number'

2021-02-16 11:09:29 - [TEST_STEP][PASSED] - click(findTestObject("Object Repository/Page_Factoriall/button_Calculate")): Object: 'Object Repository/Page_Factoriall/button_Calculate' is clicked on

2021-02-16 11:09:30 - [MESSAGE][PASSED] - Object: 'Object Repository/Page_Factoriall/button_Calculate' is clicked on]]></system-out>
         <system-err><![CDATA[]]></system-err>
      </testcase>
      <testcase name="Test Cases/PruebaDatosVarios" time="10.307" classname="Test Cases/PruebaDatosVarios" status="PASSED">
         <system-out><![CDATA[2021-02-16 11:09:30 - [TEST_CASE][PASSED] - Test Cases/PruebaDatosVarios: Test Cases/PruebaDatosVarios

2021-02-16 11:09:30 - [TEST_STEP][PASSED] - openBrowser(""): Browser is opened with url: ''

2021-02-16 11:09:30 - [MESSAGE][WARNING] - A browser is already opened. Closing browser and opening a new one

2021-02-16 11:09:31 - [MESSAGE][INFO] - Starting 'Chrome' driver

2021-02-16 11:09:31 - [MESSAGE][INFO] - Action delay is set to 0 milliseconds

2021-02-16 11:09:37 - [MESSAGE][PASSED] - Browser is opened with url: ''

2021-02-16 11:09:37 - [TEST_STEP][PASSED] - navigateToUrl("http://qainterview.pythonanywhere.com/"): Navigate to 'http://qainterview.pythonanywhere.com/' successfully

2021-02-16 11:09:39 - [MESSAGE][PASSED] - Navigate to 'http://qainterview.pythonanywhere.com/' successfully

2021-02-16 11:09:39 - [TEST_STEP][PASSED] - setText(findTestObject("Object Repository/Page_Factoriall/input_The greatest factorial calculator_number"), number): Text 'b' is set on object 'Object Repository/Page_Factoriall/input_The greatest factorial calculator_number'

2021-02-16 11:09:40 - [MESSAGE][PASSED] - Text 'b' is set on object 'Object Repository/Page_Factoriall/input_The greatest factorial calculator_number'

2021-02-16 11:09:40 - [TEST_STEP][PASSED] - click(findTestObject("Object Repository/Page_Factoriall/button_Calculate")): Object: 'Object Repository/Page_Factoriall/button_Calculate' is clicked on

2021-02-16 11:09:40 - [MESSAGE][PASSED] - Object: 'Object Repository/Page_Factoriall/button_Calculate' is clicked on]]></system-out>
         <system-err><![CDATA[]]></system-err>
      </testcase>
      <testcase name="Test Cases/PruebaDatosVarios" time="10.393" classname="Test Cases/PruebaDatosVarios" status="PASSED">
         <system-out><![CDATA[2021-02-16 11:09:40 - [TEST_CASE][PASSED] - Test Cases/PruebaDatosVarios: Test Cases/PruebaDatosVarios

2021-02-16 11:09:40 - [TEST_STEP][PASSED] - openBrowser(""): Browser is opened with url: ''

2021-02-16 11:09:40 - [MESSAGE][WARNING] - A browser is already opened. Closing browser and opening a new one

2021-02-16 11:09:41 - [MESSAGE][INFO] - Starting 'Chrome' driver

2021-02-16 11:09:41 - [MESSAGE][INFO] - Action delay is set to 0 milliseconds

2021-02-16 11:09:47 - [MESSAGE][PASSED] - Browser is opened with url: ''

2021-02-16 11:09:47 - [TEST_STEP][PASSED] - navigateToUrl("http://qainterview.pythonanywhere.com/"): Navigate to 'http://qainterview.pythonanywhere.com/' successfully

2021-02-16 11:09:50 - [MESSAGE][PASSED] - Navigate to 'http://qainterview.pythonanywhere.com/' successfully

2021-02-16 11:09:50 - [TEST_STEP][PASSED] - setText(findTestObject("Object Repository/Page_Factoriall/input_The greatest factorial calculator_number"), number): Text '0' is set on object 'Object Repository/Page_Factoriall/input_The greatest factorial calculator_number'

2021-02-16 11:09:50 - [MESSAGE][PASSED] - Text '0' is set on object 'Object Repository/Page_Factoriall/input_The greatest factorial calculator_number'

2021-02-16 11:09:50 - [TEST_STEP][PASSED] - click(findTestObject("Object Repository/Page_Factoriall/button_Calculate")): Object: 'Object Repository/Page_Factoriall/button_Calculate' is clicked on

2021-02-16 11:09:51 - [MESSAGE][PASSED] - Object: 'Object Repository/Page_Factoriall/button_Calculate' is clicked on]]></system-out>
         <system-err><![CDATA[]]></system-err>
      </testcase>
      <testcase name="Test Cases/PruebaDatosVarios" time="11.307" classname="Test Cases/PruebaDatosVarios" status="PASSED">
         <system-out><![CDATA[2021-02-16 11:09:51 - [TEST_CASE][PASSED] - Test Cases/PruebaDatosVarios: Test Cases/PruebaDatosVarios

2021-02-16 11:09:51 - [TEST_STEP][PASSED] - openBrowser(""): Browser is opened with url: ''

2021-02-16 11:09:51 - [MESSAGE][WARNING] - A browser is already opened. Closing browser and opening a new one

2021-02-16 11:09:51 - [MESSAGE][INFO] - Starting 'Chrome' driver

2021-02-16 11:09:51 - [MESSAGE][INFO] - Action delay is set to 0 milliseconds

2021-02-16 11:09:58 - [MESSAGE][PASSED] - Browser is opened with url: ''

2021-02-16 11:09:58 - [TEST_STEP][PASSED] - navigateToUrl("http://qainterview.pythonanywhere.com/"): Navigate to 'http://qainterview.pythonanywhere.com/' successfully

2021-02-16 11:10:01 - [MESSAGE][PASSED] - Navigate to 'http://qainterview.pythonanywhere.com/' successfully

2021-02-16 11:10:01 - [TEST_STEP][PASSED] - setText(findTestObject("Object Repository/Page_Factoriall/input_The greatest factorial calculator_number"), number): Text '1' is set on object 'Object Repository/Page_Factoriall/input_The greatest factorial calculator_number'

2021-02-16 11:10:02 - [MESSAGE][PASSED] - Text '1' is set on object 'Object Repository/Page_Factoriall/input_The greatest factorial calculator_number'

2021-02-16 11:10:02 - [TEST_STEP][PASSED] - click(findTestObject("Object Repository/Page_Factoriall/button_Calculate")): Object: 'Object Repository/Page_Factoriall/button_Calculate' is clicked on

2021-02-16 11:10:02 - [MESSAGE][PASSED] - Object: 'Object Repository/Page_Factoriall/button_Calculate' is clicked on]]></system-out>
         <system-err><![CDATA[]]></system-err>
      </testcase>
      <testcase name="Test Cases/PruebaDatosVarios" time="10.441" classname="Test Cases/PruebaDatosVarios" status="PASSED">
         <system-out><![CDATA[2021-02-16 11:10:02 - [TEST_CASE][PASSED] - Test Cases/PruebaDatosVarios: Test Cases/PruebaDatosVarios

2021-02-16 11:10:02 - [TEST_STEP][PASSED] - openBrowser(""): Browser is opened with url: ''

2021-02-16 11:10:02 - [MESSAGE][WARNING] - A browser is already opened. Closing browser and opening a new one

2021-02-16 11:10:03 - [MESSAGE][INFO] - Starting 'Chrome' driver

2021-02-16 11:10:03 - [MESSAGE][INFO] - Action delay is set to 0 milliseconds

2021-02-16 11:10:09 - [MESSAGE][PASSED] - Browser is opened with url: ''

2021-02-16 11:10:09 - [TEST_STEP][PASSED] - navigateToUrl("http://qainterview.pythonanywhere.com/"): Navigate to 'http://qainterview.pythonanywhere.com/' successfully

2021-02-16 11:10:11 - [MESSAGE][PASSED] - Navigate to 'http://qainterview.pythonanywhere.com/' successfully

2021-02-16 11:10:11 - [TEST_STEP][PASSED] - setText(findTestObject("Object Repository/Page_Factoriall/input_The greatest factorial calculator_number"), number): Text '2' is set on object 'Object Repository/Page_Factoriall/input_The greatest factorial calculator_number'

2021-02-16 11:10:12 - [MESSAGE][PASSED] - Text '2' is set on object 'Object Repository/Page_Factoriall/input_The greatest factorial calculator_number'

2021-02-16 11:10:12 - [TEST_STEP][PASSED] - click(findTestObject("Object Repository/Page_Factoriall/button_Calculate")): Object: 'Object Repository/Page_Factoriall/button_Calculate' is clicked on

2021-02-16 11:10:12 - [MESSAGE][PASSED] - Object: 'Object Repository/Page_Factoriall/button_Calculate' is clicked on]]></system-out>
         <system-err><![CDATA[]]></system-err>
      </testcase>
      <testcase name="Test Cases/PruebaDatosVarios" time="10.303" classname="Test Cases/PruebaDatosVarios" status="PASSED">
         <system-out><![CDATA[2021-02-16 11:10:12 - [TEST_CASE][PASSED] - Test Cases/PruebaDatosVarios: Test Cases/PruebaDatosVarios

2021-02-16 11:10:12 - [TEST_STEP][PASSED] - openBrowser(""): Browser is opened with url: ''

2021-02-16 11:10:12 - [MESSAGE][WARNING] - A browser is already opened. Closing browser and opening a new one

2021-02-16 11:10:13 - [MESSAGE][INFO] - Starting 'Chrome' driver

2021-02-16 11:10:13 - [MESSAGE][INFO] - Action delay is set to 0 milliseconds

2021-02-16 11:10:19 - [MESSAGE][PASSED] - Browser is opened with url: ''

2021-02-16 11:10:19 - [TEST_STEP][PASSED] - navigateToUrl("http://qainterview.pythonanywhere.com/"): Navigate to 'http://qainterview.pythonanywhere.com/' successfully

2021-02-16 11:10:22 - [MESSAGE][PASSED] - Navigate to 'http://qainterview.pythonanywhere.com/' successfully

2021-02-16 11:10:22 - [TEST_STEP][PASSED] - setText(findTestObject("Object Repository/Page_Factoriall/input_The greatest factorial calculator_number"), number): Text '1x0' is set on object 'Object Repository/Page_Factoriall/input_The greatest factorial calculator_number'

2021-02-16 11:10:22 - [MESSAGE][PASSED] - Text '1x0' is set on object 'Object Repository/Page_Factoriall/input_The greatest factorial calculator_number'

2021-02-16 11:10:22 - [TEST_STEP][PASSED] - click(findTestObject("Object Repository/Page_Factoriall/button_Calculate")): Object: 'Object Repository/Page_Factoriall/button_Calculate' is clicked on

2021-02-16 11:10:23 - [MESSAGE][PASSED] - Object: 'Object Repository/Page_Factoriall/button_Calculate' is clicked on]]></system-out>
         <system-err><![CDATA[]]></system-err>
      </testcase>
      <testcase name="Test Cases/PruebaDatosVarios" time="10.543" classname="Test Cases/PruebaDatosVarios" status="PASSED">
         <system-out><![CDATA[2021-02-16 11:10:23 - [TEST_CASE][PASSED] - Test Cases/PruebaDatosVarios: Test Cases/PruebaDatosVarios

2021-02-16 11:10:23 - [TEST_STEP][PASSED] - openBrowser(""): Browser is opened with url: ''

2021-02-16 11:10:23 - [MESSAGE][WARNING] - A browser is already opened. Closing browser and opening a new one

2021-02-16 11:10:23 - [MESSAGE][INFO] - Starting 'Chrome' driver

2021-02-16 11:10:23 - [MESSAGE][INFO] - Action delay is set to 0 milliseconds

2021-02-16 11:10:30 - [MESSAGE][PASSED] - Browser is opened with url: ''

2021-02-16 11:10:30 - [TEST_STEP][PASSED] - navigateToUrl("http://qainterview.pythonanywhere.com/"): Navigate to 'http://qainterview.pythonanywhere.com/' successfully

2021-02-16 11:10:32 - [MESSAGE][PASSED] - Navigate to 'http://qainterview.pythonanywhere.com/' successfully

2021-02-16 11:10:32 - [TEST_STEP][PASSED] - setText(findTestObject("Object Repository/Page_Factoriall/input_The greatest factorial calculator_number"), number): Text '1x' is set on object 'Object Repository/Page_Factoriall/input_The greatest factorial calculator_number'

2021-02-16 11:10:33 - [MESSAGE][PASSED] - Text '1x' is set on object 'Object Repository/Page_Factoriall/input_The greatest factorial calculator_number'

2021-02-16 11:10:33 - [TEST_STEP][PASSED] - click(findTestObject("Object Repository/Page_Factoriall/button_Calculate")): Object: 'Object Repository/Page_Factoriall/button_Calculate' is clicked on

2021-02-16 11:10:33 - [MESSAGE][PASSED] - Object: 'Object Repository/Page_Factoriall/button_Calculate' is clicked on]]></system-out>
         <system-err><![CDATA[]]></system-err>
      </testcase>
      <testcase name="Test Cases/PruebaDatosVarios" time="10.295" classname="Test Cases/PruebaDatosVarios" status="PASSED">
         <system-out><![CDATA[2021-02-16 11:10:33 - [TEST_CASE][PASSED] - Test Cases/PruebaDatosVarios: Test Cases/PruebaDatosVarios

2021-02-16 11:10:33 - [TEST_STEP][PASSED] - openBrowser(""): Browser is opened with url: ''

2021-02-16 11:10:33 - [MESSAGE][WARNING] - A browser is already opened. Closing browser and opening a new one

2021-02-16 11:10:34 - [MESSAGE][INFO] - Starting 'Chrome' driver

2021-02-16 11:10:34 - [MESSAGE][INFO] - Action delay is set to 0 milliseconds

2021-02-16 11:10:40 - [MESSAGE][PASSED] - Browser is opened with url: ''

2021-02-16 11:10:40 - [TEST_STEP][PASSED] - navigateToUrl("http://qainterview.pythonanywhere.com/"): Navigate to 'http://qainterview.pythonanywhere.com/' successfully

2021-02-16 11:10:43 - [MESSAGE][PASSED] - Navigate to 'http://qainterview.pythonanywhere.com/' successfully

2021-02-16 11:10:43 - [TEST_STEP][PASSED] - setText(findTestObject("Object Repository/Page_Factoriall/input_The greatest factorial calculator_number"), number): Text ' 01' is set on object 'Object Repository/Page_Factoriall/input_The greatest factorial calculator_number'

2021-02-16 11:10:43 - [MESSAGE][PASSED] - Text ' 01' is set on object 'Object Repository/Page_Factoriall/input_The greatest factorial calculator_number'

2021-02-16 11:10:43 - [TEST_STEP][PASSED] - click(findTestObject("Object Repository/Page_Factoriall/button_Calculate")): Object: 'Object Repository/Page_Factoriall/button_Calculate' is clicked on

2021-02-16 11:10:44 - [MESSAGE][PASSED] - Object: 'Object Repository/Page_Factoriall/button_Calculate' is clicked on]]></system-out>
         <system-err><![CDATA[]]></system-err>
      </testcase>
      <testcase name="Test Cases/PruebaDatosVarios" time="11.796" classname="Test Cases/PruebaDatosVarios" status="PASSED">
         <system-out><![CDATA[2021-02-16 11:10:44 - [TEST_CASE][PASSED] - Test Cases/PruebaDatosVarios: Test Cases/PruebaDatosVarios

2021-02-16 11:10:44 - [TEST_STEP][PASSED] - openBrowser(""): Browser is opened with url: ''

2021-02-16 11:10:44 - [MESSAGE][WARNING] - A browser is already opened. Closing browser and opening a new one

2021-02-16 11:10:44 - [MESSAGE][INFO] - Starting 'Chrome' driver

2021-02-16 11:10:44 - [MESSAGE][INFO] - Action delay is set to 0 milliseconds

2021-02-16 11:10:51 - [MESSAGE][PASSED] - Browser is opened with url: ''

2021-02-16 11:10:51 - [TEST_STEP][PASSED] - navigateToUrl("http://qainterview.pythonanywhere.com/"): Navigate to 'http://qainterview.pythonanywhere.com/' successfully

2021-02-16 11:10:54 - [MESSAGE][PASSED] - Navigate to 'http://qainterview.pythonanywhere.com/' successfully

2021-02-16 11:10:54 - [TEST_STEP][PASSED] - setText(findTestObject("Object Repository/Page_Factoriall/input_The greatest factorial calculator_number"), number): Text '00009' is set on object 'Object Repository/Page_Factoriall/input_The greatest factorial calculator_number'

2021-02-16 11:10:55 - [MESSAGE][PASSED] - Text '00009' is set on object 'Object Repository/Page_Factoriall/input_The greatest factorial calculator_number'

2021-02-16 11:10:55 - [TEST_STEP][PASSED] - click(findTestObject("Object Repository/Page_Factoriall/button_Calculate")): Object: 'Object Repository/Page_Factoriall/button_Calculate' is clicked on

2021-02-16 11:10:55 - [MESSAGE][PASSED] - Object: 'Object Repository/Page_Factoriall/button_Calculate' is clicked on]]></system-out>
         <system-err><![CDATA[]]></system-err>
      </testcase>
      <testcase name="Test Cases/PruebaDatosVarios" time="39.995" classname="Test Cases/PruebaDatosVarios" status="FAILED">
         <failure type="FAILED" message="Test Cases/PruebaDatosVarios FAILED.
Reason:
com.kms.katalon.core.exception.StepFailedException: Unable to set text '0x0' of object 'Object Repository/Page_Factoriall/input_The greatest factorial calculator_number'
	at com.kms.katalon.core.webui.keyword.internal.WebUIKeywordMain.stepFailed(WebUIKeywordMain.groovy:64)
	at com.kms.katalon.core.webui.keyword.internal.WebUIKeywordMain.runKeyword(WebUIKeywordMain.groovy:26)
	at com.kms.katalon.core.webui.keyword.builtin.SetTextKeyword.setText(SetTextKeyword.groovy:66)
	at com.kms.katalon.core.webui.keyword.builtin.SetTextKeyword.execute(SetTextKeyword.groovy:37)
	at com.kms.katalon.core.keyword.internal.KeywordExecutor.executeKeywordForPlatform(KeywordExecutor.groovy:73)
	at com.kms.katalon.core.webui.keyword.WebUiBuiltInKeywords.setText(WebUiBuiltInKeywords.groovy:979)
	at com.kms.katalon.core.webui.keyword.WebUiBuiltInKeywords$setText$1.call(Unknown Source)
	at PruebaDatosVarios.run(PruebaDatosVarios:24)
	at com.kms.katalon.core.main.ScriptEngine.run(ScriptEngine.java:194)
	at com.kms.katalon.core.main.ScriptEngine.runScriptAsRawText(ScriptEngine.java:119)
	at com.kms.katalon.core.main.TestCaseExecutor.runScript(TestCaseExecutor.java:398)
	at com.kms.katalon.core.main.TestCaseExecutor.doExecute(TestCaseExecutor.java:389)
	at com.kms.katalon.core.main.TestCaseExecutor.processExecutionPhase(TestCaseExecutor.java:368)
	at com.kms.katalon.core.main.TestCaseExecutor.accessMainPhase(TestCaseExecutor.java:360)
	at com.kms.katalon.core.main.TestCaseExecutor.execute(TestCaseExecutor.java:255)
	at com.kms.katalon.core.main.TestSuiteExecutor.accessTestCaseMainPhase(TestSuiteExecutor.java:203)
	at com.kms.katalon.core.main.TestSuiteExecutor.accessTestSuiteMainPhase(TestSuiteExecutor.java:152)
	at com.kms.katalon.core.main.TestSuiteExecutor.execute(TestSuiteExecutor.java:95)
	at com.kms.katalon.core.main.TestCaseMain.startTestSuite(TestCaseMain.java:157)
	at com.kms.katalon.core.main.TestCaseMain$startTestSuite$0.call(Unknown Source)
	at TempTestSuite1613488154906.run(TempTestSuite1613488154906.groovy:39)
Caused by: com.kms.katalon.core.webui.exception.WebElementNotFoundException: Web element with id: 'Object Repository/Page_Factoriall/input_The greatest factorial calculator_number' located by '//input[@id='number']' not found
	at com.kms.katalon.core.webui.common.WebUiCommonHelper.findWebElement(WebUiCommonHelper.java:1368)
	at com.kms.katalon.core.webui.keyword.internal.WebUIAbstractKeyword.findWebElement(WebUIAbstractKeyword.groovy:27)
	at com.kms.katalon.core.webui.keyword.internal.WebUIAbstractKeyword.findWebElement(WebUIAbstractKeyword.groovy:26)
	at com.kms.katalon.core.webui.keyword.builtin.SetTextKeyword$_setText_closure1.doCall(SetTextKeyword.groovy:51)
	at com.kms.katalon.core.webui.keyword.builtin.SetTextKeyword$_setText_closure1.call(SetTextKeyword.groovy)
	at com.kms.katalon.core.webui.keyword.internal.WebUIKeywordMain.runKeyword(WebUIKeywordMain.groovy:20)
	... 19 more
"/>
         <system-out><![CDATA[2021-02-16 11:10:55 - [TEST_CASE][FAILED] - Test Cases/PruebaDatosVarios: Test Cases/PruebaDatosVarios FAILED.
Reason:
com.kms.katalon.core.exception.StepFailedException: Unable to set text '0x0' of object 'Object Repository/Page_Factoriall/input_The greatest factorial calculator_number'
	at com.kms.katalon.core.webui.keyword.internal.WebUIKeywordMain.stepFailed(WebUIKeywordMain.groovy:64)
	at com.kms.katalon.core.webui.keyword.internal.WebUIKeywordMain.runKeyword(WebUIKeywordMain.groovy:26)
	at com.kms.katalon.core.webui.keyword.builtin.SetTextKeyword.setText(SetTextKeyword.groovy:66)
	at com.kms.katalon.core.webui.keyword.builtin.SetTextKeyword.execute(SetTextKeyword.groovy:37)
	at com.kms.katalon.core.keyword.internal.KeywordExecutor.executeKeywordForPlatform(KeywordExecutor.groovy:73)
	at com.kms.katalon.core.webui.keyword.WebUiBuiltInKeywords.setText(WebUiBuiltInKeywords.groovy:979)
	at com.kms.katalon.core.webui.keyword.WebUiBuiltInKeywords$setText$1.call(Unknown Source)
	at PruebaDatosVarios.run(PruebaDatosVarios:24)
	at com.kms.katalon.core.main.ScriptEngine.run(ScriptEngine.java:194)
	at com.kms.katalon.core.main.ScriptEngine.runScriptAsRawText(ScriptEngine.java:119)
	at com.kms.katalon.core.main.TestCaseExecutor.runScript(TestCaseExecutor.java:398)
	at com.kms.katalon.core.main.TestCaseExecutor.doExecute(TestCaseExecutor.java:389)
	at com.kms.katalon.core.main.TestCaseExecutor.processExecutionPhase(TestCaseExecutor.java:368)
	at com.kms.katalon.core.main.TestCaseExecutor.accessMainPhase(TestCaseExecutor.java:360)
	at com.kms.katalon.core.main.TestCaseExecutor.execute(TestCaseExecutor.java:255)
	at com.kms.katalon.core.main.TestSuiteExecutor.accessTestCaseMainPhase(TestSuiteExecutor.java:203)
	at com.kms.katalon.core.main.TestSuiteExecutor.accessTestSuiteMainPhase(TestSuiteExecutor.java:152)
	at com.kms.katalon.core.main.TestSuiteExecutor.execute(TestSuiteExecutor.java:95)
	at com.kms.katalon.core.main.TestCaseMain.startTestSuite(TestCaseMain.java:157)
	at com.kms.katalon.core.main.TestCaseMain$startTestSuite$0.call(Unknown Source)
	at TempTestSuite1613488154906.run(TempTestSuite1613488154906.groovy:39)
Caused by: com.kms.katalon.core.webui.exception.WebElementNotFoundException: Web element with id: 'Object Repository/Page_Factoriall/input_The greatest factorial calculator_number' located by '//input[@id='number']' not found
	at com.kms.katalon.core.webui.common.WebUiCommonHelper.findWebElement(WebUiCommonHelper.java:1368)
	at com.kms.katalon.core.webui.keyword.internal.WebUIAbstractKeyword.findWebElement(WebUIAbstractKeyword.groovy:27)
	at com.kms.katalon.core.webui.keyword.internal.WebUIAbstractKeyword.findWebElement(WebUIAbstractKeyword.groovy:26)
	at com.kms.katalon.core.webui.keyword.builtin.SetTextKeyword$_setText_closure1.doCall(SetTextKeyword.groovy:51)
	at com.kms.katalon.core.webui.keyword.builtin.SetTextKeyword$_setText_closure1.call(SetTextKeyword.groovy)
	at com.kms.katalon.core.webui.keyword.internal.WebUIKeywordMain.runKeyword(WebUIKeywordMain.groovy:20)
	... 19 more


2021-02-16 11:10:55 - [TEST_STEP][PASSED] - openBrowser(""): Browser is opened with url: ''

2021-02-16 11:10:55 - [MESSAGE][WARNING] - A browser is already opened. Closing browser and opening a new one

2021-02-16 11:10:56 - [MESSAGE][INFO] - Starting 'Chrome' driver

2021-02-16 11:10:56 - [MESSAGE][INFO] - Action delay is set to 0 milliseconds

2021-02-16 11:11:03 - [MESSAGE][PASSED] - Browser is opened with url: ''

2021-02-16 11:11:03 - [TEST_STEP][PASSED] - navigateToUrl("http://qainterview.pythonanywhere.com/"): Navigate to 'http://qainterview.pythonanywhere.com/' successfully

2021-02-16 11:11:04 - [MESSAGE][PASSED] - Navigate to 'http://qainterview.pythonanywhere.com/' successfully

2021-02-16 11:11:04 - [TEST_STEP][FAILED] - setText(findTestObject("Object Repository/Page_Factoriall/input_The greatest factorial calculator_number"), number): Unable to set text '0x0' of object 'Object Repository/Page_Factoriall/input_The greatest factorial calculator_number' (Root cause: com.kms.katalon.core.exception.StepFailedException: Unable to set text '0x0' of object 'Object Repository/Page_Factoriall/input_The greatest factorial calculator_number'
	at com.kms.katalon.core.webui.keyword.internal.WebUIKeywordMain.stepFailed(WebUIKeywordMain.groovy:64)
	at com.kms.katalon.core.webui.keyword.internal.WebUIKeywordMain.runKeyword(WebUIKeywordMain.groovy:26)
	at com.kms.katalon.core.webui.keyword.builtin.SetTextKeyword.setText(SetTextKeyword.groovy:66)
	at com.kms.katalon.core.webui.keyword.builtin.SetTextKeyword.execute(SetTextKeyword.groovy:37)
	at com.kms.katalon.core.keyword.internal.KeywordExecutor.executeKeywordForPlatform(KeywordExecutor.groovy:73)
	at com.kms.katalon.core.webui.keyword.WebUiBuiltInKeywords.setText(WebUiBuiltInKeywords.groovy:979)
	at com.kms.katalon.core.webui.keyword.WebUiBuiltInKeywords$setText$1.call(Unknown Source)
	at PruebaDatosVarios.run(PruebaDatosVarios:24)
	at com.kms.katalon.core.main.ScriptEngine.run(ScriptEngine.java:194)
	at com.kms.katalon.core.main.ScriptEngine.runScriptAsRawText(ScriptEngine.java:119)
	at com.kms.katalon.core.main.TestCaseExecutor.runScript(TestCaseExecutor.java:398)
	at com.kms.katalon.core.main.TestCaseExecutor.doExecute(TestCaseExecutor.java:389)
	at com.kms.katalon.core.main.TestCaseExecutor.processExecutionPhase(TestCaseExecutor.java:368)
	at com.kms.katalon.core.main.TestCaseExecutor.accessMainPhase(TestCaseExecutor.java:360)
	at com.kms.katalon.core.main.TestCaseExecutor.execute(TestCaseExecutor.java:255)
	at com.kms.katalon.core.main.TestSuiteExecutor.accessTestCaseMainPhase(TestSuiteExecutor.java:203)
	at com.kms.katalon.core.main.TestSuiteExecutor.accessTestSuiteMainPhase(TestSuiteExecutor.java:152)
	at com.kms.katalon.core.main.TestSuiteExecutor.execute(TestSuiteExecutor.java:95)
	at com.kms.katalon.core.main.TestCaseMain.startTestSuite(TestCaseMain.java:157)
	at com.kms.katalon.core.main.TestCaseMain$startTestSuite$0.call(Unknown Source)
	at TempTestSuite1613488154906.run(TempTestSuite1613488154906.groovy:39)
Caused by: com.kms.katalon.core.webui.exception.WebElementNotFoundException: Web element with id: 'Object Repository/Page_Factoriall/input_The greatest factorial calculator_number' located by '//input[@id='number']' not found
	at com.kms.katalon.core.webui.common.WebUiCommonHelper.findWebElement(WebUiCommonHelper.java:1368)
	at com.kms.katalon.core.webui.keyword.internal.WebUIAbstractKeyword.findWebElement(WebUIAbstractKeyword.groovy:27)
	at com.kms.katalon.core.webui.keyword.internal.WebUIAbstractKeyword.findWebElement(WebUIAbstractKeyword.groovy:26)
	at com.kms.katalon.core.webui.keyword.builtin.SetTextKeyword$_setText_closure1.doCall(SetTextKeyword.groovy:51)
	at com.kms.katalon.core.webui.keyword.builtin.SetTextKeyword$_setText_closure1.call(SetTextKeyword.groovy)
	at com.kms.katalon.core.webui.keyword.internal.WebUIKeywordMain.runKeyword(WebUIKeywordMain.groovy:20)
	at com.kms.katalon.core.webui.keyword.builtin.SetTextKeyword.setText(SetTextKeyword.groovy:66)
	at com.kms.katalon.core.webui.keyword.builtin.SetTextKeyword.execute(SetTextKeyword.groovy:37)
	at com.kms.katalon.core.keyword.internal.KeywordExecutor.executeKeywordForPlatform(KeywordExecutor.groovy:73)
	at com.kms.katalon.core.webui.keyword.WebUiBuiltInKeywords.setText(WebUiBuiltInKeywords.groovy:979)
	at com.kms.katalon.core.webui.keyword.WebUiBuiltInKeywords$setText$1.call(Unknown Source)
	at Script1613486981920.run(Script1613486981920.groovy:24)
	... 13 more
)

2021-02-16 11:11:35 - [MESSAGE][INFO] - Unable to find the element located by 'By.xpath: //input[@id='number']'. Please recheck the objects properties to make sure the desired element is located. 

2021-02-16 11:11:35 - [MESSAGE][FAILED] - Unable to set text '0x0' of object 'Object Repository/Page_Factoriall/input_The greatest factorial calculator_number' (Root cause: com.kms.katalon.core.exception.StepFailedException: Unable to set text '0x0' of object 'Object Repository/Page_Factoriall/input_The greatest factorial calculator_number'
	at com.kms.katalon.core.webui.keyword.internal.WebUIKeywordMain.stepFailed(WebUIKeywordMain.groovy:64)
	at com.kms.katalon.core.webui.keyword.internal.WebUIKeywordMain.runKeyword(WebUIKeywordMain.groovy:26)
	at com.kms.katalon.core.webui.keyword.builtin.SetTextKeyword.setText(SetTextKeyword.groovy:66)
	at com.kms.katalon.core.webui.keyword.builtin.SetTextKeyword.execute(SetTextKeyword.groovy:37)
	at com.kms.katalon.core.keyword.internal.KeywordExecutor.executeKeywordForPlatform(KeywordExecutor.groovy:73)
	at com.kms.katalon.core.webui.keyword.WebUiBuiltInKeywords.setText(WebUiBuiltInKeywords.groovy:979)
	at com.kms.katalon.core.webui.keyword.WebUiBuiltInKeywords$setText$1.call(Unknown Source)
	at PruebaDatosVarios.run(PruebaDatosVarios:24)
	at com.kms.katalon.core.main.ScriptEngine.run(ScriptEngine.java:194)
	at com.kms.katalon.core.main.ScriptEngine.runScriptAsRawText(ScriptEngine.java:119)
	at com.kms.katalon.core.main.TestCaseExecutor.runScript(TestCaseExecutor.java:398)
	at com.kms.katalon.core.main.TestCaseExecutor.doExecute(TestCaseExecutor.java:389)
	at com.kms.katalon.core.main.TestCaseExecutor.processExecutionPhase(TestCaseExecutor.java:368)
	at com.kms.katalon.core.main.TestCaseExecutor.accessMainPhase(TestCaseExecutor.java:360)
	at com.kms.katalon.core.main.TestCaseExecutor.execute(TestCaseExecutor.java:255)
	at com.kms.katalon.core.main.TestSuiteExecutor.accessTestCaseMainPhase(TestSuiteExecutor.java:203)
	at com.kms.katalon.core.main.TestSuiteExecutor.accessTestSuiteMainPhase(TestSuiteExecutor.java:152)
	at com.kms.katalon.core.main.TestSuiteExecutor.execute(TestSuiteExecutor.java:95)
	at com.kms.katalon.core.main.TestCaseMain.startTestSuite(TestCaseMain.java:157)
	at com.kms.katalon.core.main.TestCaseMain$startTestSuite$0.call(Unknown Source)
	at TempTestSuite1613488154906.run(TempTestSuite1613488154906.groovy:39)
Caused by: com.kms.katalon.core.webui.exception.WebElementNotFoundException: Web element with id: 'Object Repository/Page_Factoriall/input_The greatest factorial calculator_number' located by '//input[@id='number']' not found
	at com.kms.katalon.core.webui.common.WebUiCommonHelper.findWebElement(WebUiCommonHelper.java:1368)
	at com.kms.katalon.core.webui.keyword.internal.WebUIAbstractKeyword.findWebElement(WebUIAbstractKeyword.groovy:27)
	at com.kms.katalon.core.webui.keyword.internal.WebUIAbstractKeyword.findWebElement(WebUIAbstractKeyword.groovy:26)
	at com.kms.katalon.core.webui.keyword.builtin.SetTextKeyword$_setText_closure1.doCall(SetTextKeyword.groovy:51)
	at com.kms.katalon.core.webui.keyword.builtin.SetTextKeyword$_setText_closure1.call(SetTextKeyword.groovy)
	at com.kms.katalon.core.webui.keyword.internal.WebUIKeywordMain.runKeyword(WebUIKeywordMain.groovy:20)
	at com.kms.katalon.core.webui.keyword.builtin.SetTextKeyword.setText(SetTextKeyword.groovy:66)
	at com.kms.katalon.core.webui.keyword.builtin.SetTextKeyword.execute(SetTextKeyword.groovy:37)
	at com.kms.katalon.core.keyword.internal.KeywordExecutor.executeKeywordForPlatform(KeywordExecutor.groovy:73)
	at com.kms.katalon.core.webui.keyword.WebUiBuiltInKeywords.setText(WebUiBuiltInKeywords.groovy:979)
	at com.kms.katalon.core.webui.keyword.WebUiBuiltInKeywords$setText$1.call(Unknown Source)
	at Script1613486981920.run(Script1613486981920.groovy:24)
	... 13 more
)
[[ATTACHMENT|C:\\Users\\zamir\\git\\test-factorial-katalon\\Reports\\20210216_110913\\PruebaConDatosVarios\\20210216_110914\\1613488295469.png]]]]></system-out>
         <system-err><![CDATA[2021-02-16 11:10:55 - [TEST_CASE][FAILED] - Test Cases/PruebaDatosVarios: Test Cases/PruebaDatosVarios FAILED.
Reason:
com.kms.katalon.core.exception.StepFailedException: Unable to set text '0x0' of object 'Object Repository/Page_Factoriall/input_The greatest factorial calculator_number'
	at com.kms.katalon.core.webui.keyword.internal.WebUIKeywordMain.stepFailed(WebUIKeywordMain.groovy:64)
	at com.kms.katalon.core.webui.keyword.internal.WebUIKeywordMain.runKeyword(WebUIKeywordMain.groovy:26)
	at com.kms.katalon.core.webui.keyword.builtin.SetTextKeyword.setText(SetTextKeyword.groovy:66)
	at com.kms.katalon.core.webui.keyword.builtin.SetTextKeyword.execute(SetTextKeyword.groovy:37)
	at com.kms.katalon.core.keyword.internal.KeywordExecutor.executeKeywordForPlatform(KeywordExecutor.groovy:73)
	at com.kms.katalon.core.webui.keyword.WebUiBuiltInKeywords.setText(WebUiBuiltInKeywords.groovy:979)
	at com.kms.katalon.core.webui.keyword.WebUiBuiltInKeywords$setText$1.call(Unknown Source)
	at PruebaDatosVarios.run(PruebaDatosVarios:24)
	at com.kms.katalon.core.main.ScriptEngine.run(ScriptEngine.java:194)
	at com.kms.katalon.core.main.ScriptEngine.runScriptAsRawText(ScriptEngine.java:119)
	at com.kms.katalon.core.main.TestCaseExecutor.runScript(TestCaseExecutor.java:398)
	at com.kms.katalon.core.main.TestCaseExecutor.doExecute(TestCaseExecutor.java:389)
	at com.kms.katalon.core.main.TestCaseExecutor.processExecutionPhase(TestCaseExecutor.java:368)
	at com.kms.katalon.core.main.TestCaseExecutor.accessMainPhase(TestCaseExecutor.java:360)
	at com.kms.katalon.core.main.TestCaseExecutor.execute(TestCaseExecutor.java:255)
	at com.kms.katalon.core.main.TestSuiteExecutor.accessTestCaseMainPhase(TestSuiteExecutor.java:203)
	at com.kms.katalon.core.main.TestSuiteExecutor.accessTestSuiteMainPhase(TestSuiteExecutor.java:152)
	at com.kms.katalon.core.main.TestSuiteExecutor.execute(TestSuiteExecutor.java:95)
	at com.kms.katalon.core.main.TestCaseMain.startTestSuite(TestCaseMain.java:157)
	at com.kms.katalon.core.main.TestCaseMain$startTestSuite$0.call(Unknown Source)
	at TempTestSuite1613488154906.run(TempTestSuite1613488154906.groovy:39)
Caused by: com.kms.katalon.core.webui.exception.WebElementNotFoundException: Web element with id: 'Object Repository/Page_Factoriall/input_The greatest factorial calculator_number' located by '//input[@id='number']' not found
	at com.kms.katalon.core.webui.common.WebUiCommonHelper.findWebElement(WebUiCommonHelper.java:1368)
	at com.kms.katalon.core.webui.keyword.internal.WebUIAbstractKeyword.findWebElement(WebUIAbstractKeyword.groovy:27)
	at com.kms.katalon.core.webui.keyword.internal.WebUIAbstractKeyword.findWebElement(WebUIAbstractKeyword.groovy:26)
	at com.kms.katalon.core.webui.keyword.builtin.SetTextKeyword$_setText_closure1.doCall(SetTextKeyword.groovy:51)
	at com.kms.katalon.core.webui.keyword.builtin.SetTextKeyword$_setText_closure1.call(SetTextKeyword.groovy)
	at com.kms.katalon.core.webui.keyword.internal.WebUIKeywordMain.runKeyword(WebUIKeywordMain.groovy:20)
	... 19 more]]></system-err>
      </testcase>
      <testcase name="Test Cases/PruebaDatosVarios" time="10.602" classname="Test Cases/PruebaDatosVarios" status="PASSED">
         <system-out><![CDATA[2021-02-16 11:11:35 - [TEST_CASE][PASSED] - Test Cases/PruebaDatosVarios: Test Cases/PruebaDatosVarios

2021-02-16 11:11:35 - [TEST_STEP][PASSED] - openBrowser(""): Browser is opened with url: ''

2021-02-16 11:11:35 - [MESSAGE][WARNING] - A browser is already opened. Closing browser and opening a new one

2021-02-16 11:11:36 - [MESSAGE][INFO] - Starting 'Chrome' driver

2021-02-16 11:11:36 - [MESSAGE][INFO] - Action delay is set to 0 milliseconds

2021-02-16 11:11:43 - [MESSAGE][PASSED] - Browser is opened with url: ''

2021-02-16 11:11:43 - [TEST_STEP][PASSED] - navigateToUrl("http://qainterview.pythonanywhere.com/"): Navigate to 'http://qainterview.pythonanywhere.com/' successfully

2021-02-16 11:11:45 - [MESSAGE][PASSED] - Navigate to 'http://qainterview.pythonanywhere.com/' successfully

2021-02-16 11:11:45 - [TEST_STEP][PASSED] - setText(findTestObject("Object Repository/Page_Factoriall/input_The greatest factorial calculator_number"), number): Text '12h3' is set on object 'Object Repository/Page_Factoriall/input_The greatest factorial calculator_number'

2021-02-16 11:11:46 - [MESSAGE][PASSED] - Text '12h3' is set on object 'Object Repository/Page_Factoriall/input_The greatest factorial calculator_number'

2021-02-16 11:11:46 - [TEST_STEP][PASSED] - click(findTestObject("Object Repository/Page_Factoriall/button_Calculate")): Object: 'Object Repository/Page_Factoriall/button_Calculate' is clicked on

2021-02-16 11:11:46 - [MESSAGE][PASSED] - Object: 'Object Repository/Page_Factoriall/button_Calculate' is clicked on]]></system-out>
         <system-err><![CDATA[]]></system-err>
      </testcase>
      <testcase name="Test Cases/PruebaDatosVarios" time="10.339" classname="Test Cases/PruebaDatosVarios" status="PASSED">
         <system-out><![CDATA[2021-02-16 11:11:46 - [TEST_CASE][PASSED] - Test Cases/PruebaDatosVarios: Test Cases/PruebaDatosVarios

2021-02-16 11:11:46 - [TEST_STEP][PASSED] - openBrowser(""): Browser is opened with url: ''

2021-02-16 11:11:46 - [MESSAGE][WARNING] - A browser is already opened. Closing browser and opening a new one

2021-02-16 11:11:47 - [MESSAGE][INFO] - Starting 'Chrome' driver

2021-02-16 11:11:47 - [MESSAGE][INFO] - Action delay is set to 0 milliseconds

2021-02-16 11:11:53 - [MESSAGE][PASSED] - Browser is opened with url: ''

2021-02-16 11:11:53 - [TEST_STEP][PASSED] - navigateToUrl("http://qainterview.pythonanywhere.com/"): Navigate to 'http://qainterview.pythonanywhere.com/' successfully

2021-02-16 11:11:55 - [MESSAGE][PASSED] - Navigate to 'http://qainterview.pythonanywhere.com/' successfully

2021-02-16 11:11:55 - [TEST_STEP][PASSED] - setText(findTestObject("Object Repository/Page_Factoriall/input_The greatest factorial calculator_number"), number): Text '1.02' is set on object 'Object Repository/Page_Factoriall/input_The greatest factorial calculator_number'

2021-02-16 11:11:56 - [MESSAGE][PASSED] - Text '1.02' is set on object 'Object Repository/Page_Factoriall/input_The greatest factorial calculator_number'

2021-02-16 11:11:56 - [TEST_STEP][PASSED] - click(findTestObject("Object Repository/Page_Factoriall/button_Calculate")): Object: 'Object Repository/Page_Factoriall/button_Calculate' is clicked on

2021-02-16 11:11:56 - [MESSAGE][PASSED] - Object: 'Object Repository/Page_Factoriall/button_Calculate' is clicked on]]></system-out>
         <system-err><![CDATA[]]></system-err>
      </testcase>
      <testcase name="Test Cases/PruebaDatosVarios" time="10.419" classname="Test Cases/PruebaDatosVarios" status="PASSED">
         <system-out><![CDATA[2021-02-16 11:11:56 - [TEST_CASE][PASSED] - Test Cases/PruebaDatosVarios: Test Cases/PruebaDatosVarios

2021-02-16 11:11:56 - [TEST_STEP][PASSED] - openBrowser(""): Browser is opened with url: ''

2021-02-16 11:11:56 - [MESSAGE][WARNING] - A browser is already opened. Closing browser and opening a new one

2021-02-16 11:11:57 - [MESSAGE][INFO] - Starting 'Chrome' driver

2021-02-16 11:11:57 - [MESSAGE][INFO] - Action delay is set to 0 milliseconds

2021-02-16 11:12:04 - [MESSAGE][PASSED] - Browser is opened with url: ''

2021-02-16 11:12:04 - [TEST_STEP][PASSED] - navigateToUrl("http://qainterview.pythonanywhere.com/"): Navigate to 'http://qainterview.pythonanywhere.com/' successfully

2021-02-16 11:12:06 - [MESSAGE][PASSED] - Navigate to 'http://qainterview.pythonanywhere.com/' successfully

2021-02-16 11:12:06 - [TEST_STEP][PASSED] - setText(findTestObject("Object Repository/Page_Factoriall/input_The greatest factorial calculator_number"), number): Text '1,34' is set on object 'Object Repository/Page_Factoriall/input_The greatest factorial calculator_number'

2021-02-16 11:12:06 - [MESSAGE][PASSED] - Text '1,34' is set on object 'Object Repository/Page_Factoriall/input_The greatest factorial calculator_number'

2021-02-16 11:12:06 - [TEST_STEP][PASSED] - click(findTestObject("Object Repository/Page_Factoriall/button_Calculate")): Object: 'Object Repository/Page_Factoriall/button_Calculate' is clicked on

2021-02-16 11:12:07 - [MESSAGE][PASSED] - Object: 'Object Repository/Page_Factoriall/button_Calculate' is clicked on]]></system-out>
         <system-err><![CDATA[]]></system-err>
      </testcase>
      <testcase name="Test Cases/PruebaDatosVarios" time="10.97" classname="Test Cases/PruebaDatosVarios" status="PASSED">
         <system-out><![CDATA[2021-02-16 11:12:07 - [TEST_CASE][PASSED] - Test Cases/PruebaDatosVarios: Test Cases/PruebaDatosVarios

2021-02-16 11:12:07 - [TEST_STEP][PASSED] - openBrowser(""): Browser is opened with url: ''

2021-02-16 11:12:07 - [MESSAGE][WARNING] - A browser is already opened. Closing browser and opening a new one

2021-02-16 11:12:08 - [MESSAGE][INFO] - Starting 'Chrome' driver

2021-02-16 11:12:08 - [MESSAGE][INFO] - Action delay is set to 0 milliseconds

2021-02-16 11:12:14 - [MESSAGE][PASSED] - Browser is opened with url: ''

2021-02-16 11:12:14 - [TEST_STEP][PASSED] - navigateToUrl("http://qainterview.pythonanywhere.com/"): Navigate to 'http://qainterview.pythonanywhere.com/' successfully

2021-02-16 11:12:17 - [MESSAGE][PASSED] - Navigate to 'http://qainterview.pythonanywhere.com/' successfully

2021-02-16 11:12:17 - [TEST_STEP][PASSED] - setText(findTestObject("Object Repository/Page_Factoriall/input_The greatest factorial calculator_number"), number): Text '1.00' is set on object 'Object Repository/Page_Factoriall/input_The greatest factorial calculator_number'

2021-02-16 11:12:17 - [MESSAGE][PASSED] - Text '1.00' is set on object 'Object Repository/Page_Factoriall/input_The greatest factorial calculator_number'

2021-02-16 11:12:17 - [TEST_STEP][PASSED] - click(findTestObject("Object Repository/Page_Factoriall/button_Calculate")): Object: 'Object Repository/Page_Factoriall/button_Calculate' is clicked on

2021-02-16 11:12:18 - [MESSAGE][PASSED] - Object: 'Object Repository/Page_Factoriall/button_Calculate' is clicked on]]></system-out>
         <system-err><![CDATA[]]></system-err>
      </testcase>
      <testcase name="Test Cases/PruebaDatosVarios" time="10.277" classname="Test Cases/PruebaDatosVarios" status="PASSED">
         <system-out><![CDATA[2021-02-16 11:12:18 - [TEST_CASE][PASSED] - Test Cases/PruebaDatosVarios: Test Cases/PruebaDatosVarios

2021-02-16 11:12:18 - [TEST_STEP][PASSED] - openBrowser(""): Browser is opened with url: ''

2021-02-16 11:12:18 - [MESSAGE][WARNING] - A browser is already opened. Closing browser and opening a new one

2021-02-16 11:12:19 - [MESSAGE][INFO] - Starting 'Chrome' driver

2021-02-16 11:12:19 - [MESSAGE][INFO] - Action delay is set to 0 milliseconds

2021-02-16 11:12:25 - [MESSAGE][PASSED] - Browser is opened with url: ''

2021-02-16 11:12:25 - [TEST_STEP][PASSED] - navigateToUrl("http://qainterview.pythonanywhere.com/"): Navigate to 'http://qainterview.pythonanywhere.com/' successfully

2021-02-16 11:12:27 - [MESSAGE][PASSED] - Navigate to 'http://qainterview.pythonanywhere.com/' successfully

2021-02-16 11:12:27 - [TEST_STEP][PASSED] - setText(findTestObject("Object Repository/Page_Factoriall/input_The greatest factorial calculator_number"), number): Text '-1.33' is set on object 'Object Repository/Page_Factoriall/input_The greatest factorial calculator_number'

2021-02-16 11:12:28 - [MESSAGE][PASSED] - Text '-1.33' is set on object 'Object Repository/Page_Factoriall/input_The greatest factorial calculator_number'

2021-02-16 11:12:28 - [TEST_STEP][PASSED] - click(findTestObject("Object Repository/Page_Factoriall/button_Calculate")): Object: 'Object Repository/Page_Factoriall/button_Calculate' is clicked on

2021-02-16 11:12:28 - [MESSAGE][PASSED] - Object: 'Object Repository/Page_Factoriall/button_Calculate' is clicked on]]></system-out>
         <system-err><![CDATA[]]></system-err>
      </testcase>
      <testcase name="Test Cases/PruebaDatosVarios" time="10.291" classname="Test Cases/PruebaDatosVarios" status="PASSED">
         <system-out><![CDATA[2021-02-16 11:12:28 - [TEST_CASE][PASSED] - Test Cases/PruebaDatosVarios: Test Cases/PruebaDatosVarios

2021-02-16 11:12:28 - [TEST_STEP][PASSED] - openBrowser(""): Browser is opened with url: ''

2021-02-16 11:12:28 - [MESSAGE][WARNING] - A browser is already opened. Closing browser and opening a new one

2021-02-16 11:12:29 - [MESSAGE][INFO] - Starting 'Chrome' driver

2021-02-16 11:12:29 - [MESSAGE][INFO] - Action delay is set to 0 milliseconds

2021-02-16 11:12:35 - [MESSAGE][PASSED] - Browser is opened with url: ''

2021-02-16 11:12:35 - [TEST_STEP][PASSED] - navigateToUrl("http://qainterview.pythonanywhere.com/"): Navigate to 'http://qainterview.pythonanywhere.com/' successfully

2021-02-16 11:12:37 - [MESSAGE][PASSED] - Navigate to 'http://qainterview.pythonanywhere.com/' successfully

2021-02-16 11:12:37 - [TEST_STEP][PASSED] - setText(findTestObject("Object Repository/Page_Factoriall/input_The greatest factorial calculator_number"), number): Text '--2' is set on object 'Object Repository/Page_Factoriall/input_The greatest factorial calculator_number'

2021-02-16 11:12:38 - [MESSAGE][PASSED] - Text '--2' is set on object 'Object Repository/Page_Factoriall/input_The greatest factorial calculator_number'

2021-02-16 11:12:38 - [TEST_STEP][PASSED] - click(findTestObject("Object Repository/Page_Factoriall/button_Calculate")): Object: 'Object Repository/Page_Factoriall/button_Calculate' is clicked on

2021-02-16 11:12:38 - [MESSAGE][PASSED] - Object: 'Object Repository/Page_Factoriall/button_Calculate' is clicked on]]></system-out>
         <system-err><![CDATA[]]></system-err>
      </testcase>
      <testcase name="Test Cases/PruebaDatosVarios" time="10.211" classname="Test Cases/PruebaDatosVarios" status="PASSED">
         <system-out><![CDATA[2021-02-16 11:12:38 - [TEST_CASE][PASSED] - Test Cases/PruebaDatosVarios: Test Cases/PruebaDatosVarios

2021-02-16 11:12:38 - [TEST_STEP][PASSED] - openBrowser(""): Browser is opened with url: ''

2021-02-16 11:12:38 - [MESSAGE][WARNING] - A browser is already opened. Closing browser and opening a new one

2021-02-16 11:12:39 - [MESSAGE][INFO] - Starting 'Chrome' driver

2021-02-16 11:12:39 - [MESSAGE][INFO] - Action delay is set to 0 milliseconds

2021-02-16 11:12:45 - [MESSAGE][PASSED] - Browser is opened with url: ''

2021-02-16 11:12:45 - [TEST_STEP][PASSED] - navigateToUrl("http://qainterview.pythonanywhere.com/"): Navigate to 'http://qainterview.pythonanywhere.com/' successfully

2021-02-16 11:12:48 - [MESSAGE][PASSED] - Navigate to 'http://qainterview.pythonanywhere.com/' successfully

2021-02-16 11:12:48 - [TEST_STEP][PASSED] - setText(findTestObject("Object Repository/Page_Factoriall/input_The greatest factorial calculator_number"), number): Text '+33' is set on object 'Object Repository/Page_Factoriall/input_The greatest factorial calculator_number'

2021-02-16 11:12:48 - [MESSAGE][PASSED] - Text '+33' is set on object 'Object Repository/Page_Factoriall/input_The greatest factorial calculator_number'

2021-02-16 11:12:48 - [TEST_STEP][PASSED] - click(findTestObject("Object Repository/Page_Factoriall/button_Calculate")): Object: 'Object Repository/Page_Factoriall/button_Calculate' is clicked on

2021-02-16 11:12:49 - [MESSAGE][PASSED] - Object: 'Object Repository/Page_Factoriall/button_Calculate' is clicked on]]></system-out>
         <system-err><![CDATA[]]></system-err>
      </testcase>
      <testcase name="Test Cases/PruebaDatosVarios" time="10.222" classname="Test Cases/PruebaDatosVarios" status="PASSED">
         <system-out><![CDATA[2021-02-16 11:12:49 - [TEST_CASE][PASSED] - Test Cases/PruebaDatosVarios: Test Cases/PruebaDatosVarios

2021-02-16 11:12:49 - [TEST_STEP][PASSED] - openBrowser(""): Browser is opened with url: ''

2021-02-16 11:12:49 - [MESSAGE][WARNING] - A browser is already opened. Closing browser and opening a new one

2021-02-16 11:12:49 - [MESSAGE][INFO] - Starting 'Chrome' driver

2021-02-16 11:12:49 - [MESSAGE][INFO] - Action delay is set to 0 milliseconds

2021-02-16 11:12:56 - [MESSAGE][PASSED] - Browser is opened with url: ''

2021-02-16 11:12:56 - [TEST_STEP][PASSED] - navigateToUrl("http://qainterview.pythonanywhere.com/"): Navigate to 'http://qainterview.pythonanywhere.com/' successfully

2021-02-16 11:12:58 - [MESSAGE][PASSED] - Navigate to 'http://qainterview.pythonanywhere.com/' successfully

2021-02-16 11:12:58 - [TEST_STEP][PASSED] - setText(findTestObject("Object Repository/Page_Factoriall/input_The greatest factorial calculator_number"), number): Text '=3' is set on object 'Object Repository/Page_Factoriall/input_The greatest factorial calculator_number'

2021-02-16 11:12:58 - [MESSAGE][PASSED] - Text '=3' is set on object 'Object Repository/Page_Factoriall/input_The greatest factorial calculator_number'

2021-02-16 11:12:58 - [TEST_STEP][PASSED] - click(findTestObject("Object Repository/Page_Factoriall/button_Calculate")): Object: 'Object Repository/Page_Factoriall/button_Calculate' is clicked on

2021-02-16 11:12:59 - [MESSAGE][PASSED] - Object: 'Object Repository/Page_Factoriall/button_Calculate' is clicked on]]></system-out>
         <system-err><![CDATA[]]></system-err>
      </testcase>
      <testcase name="Test Cases/PruebaDatosVarios" time="11.12" classname="Test Cases/PruebaDatosVarios" status="PASSED">
         <system-out><![CDATA[2021-02-16 11:12:59 - [TEST_CASE][PASSED] - Test Cases/PruebaDatosVarios: Test Cases/PruebaDatosVarios

2021-02-16 11:12:59 - [TEST_STEP][PASSED] - openBrowser(""): Browser is opened with url: ''

2021-02-16 11:12:59 - [MESSAGE][WARNING] - A browser is already opened. Closing browser and opening a new one

2021-02-16 11:13:00 - [MESSAGE][INFO] - Starting 'Chrome' driver

2021-02-16 11:13:00 - [MESSAGE][INFO] - Action delay is set to 0 milliseconds

2021-02-16 11:13:06 - [MESSAGE][PASSED] - Browser is opened with url: ''

2021-02-16 11:13:06 - [TEST_STEP][PASSED] - navigateToUrl("http://qainterview.pythonanywhere.com/"): Navigate to 'http://qainterview.pythonanywhere.com/' successfully

2021-02-16 11:13:09 - [MESSAGE][PASSED] - Navigate to 'http://qainterview.pythonanywhere.com/' successfully

2021-02-16 11:13:09 - [TEST_STEP][PASSED] - setText(findTestObject("Object Repository/Page_Factoriall/input_The greatest factorial calculator_number"), number): Text '-4x0' is set on object 'Object Repository/Page_Factoriall/input_The greatest factorial calculator_number'

2021-02-16 11:13:10 - [MESSAGE][PASSED] - Text '-4x0' is set on object 'Object Repository/Page_Factoriall/input_The greatest factorial calculator_number'

2021-02-16 11:13:10 - [TEST_STEP][PASSED] - click(findTestObject("Object Repository/Page_Factoriall/button_Calculate")): Object: 'Object Repository/Page_Factoriall/button_Calculate' is clicked on

2021-02-16 11:13:10 - [MESSAGE][PASSED] - Object: 'Object Repository/Page_Factoriall/button_Calculate' is clicked on]]></system-out>
         <system-err><![CDATA[]]></system-err>
      </testcase>
      <testcase name="Test Cases/PruebaDatosVarios" time="10.598" classname="Test Cases/PruebaDatosVarios" status="PASSED">
         <system-out><![CDATA[2021-02-16 11:13:10 - [TEST_CASE][PASSED] - Test Cases/PruebaDatosVarios: Test Cases/PruebaDatosVarios

2021-02-16 11:13:10 - [TEST_STEP][PASSED] - openBrowser(""): Browser is opened with url: ''

2021-02-16 11:13:10 - [MESSAGE][WARNING] - A browser is already opened. Closing browser and opening a new one

2021-02-16 11:13:11 - [MESSAGE][INFO] - Starting 'Chrome' driver

2021-02-16 11:13:11 - [MESSAGE][INFO] - Action delay is set to 0 milliseconds

2021-02-16 11:13:17 - [MESSAGE][PASSED] - Browser is opened with url: ''

2021-02-16 11:13:17 - [TEST_STEP][PASSED] - navigateToUrl("http://qainterview.pythonanywhere.com/"): Navigate to 'http://qainterview.pythonanywhere.com/' successfully

2021-02-16 11:13:20 - [MESSAGE][PASSED] - Navigate to 'http://qainterview.pythonanywhere.com/' successfully

2021-02-16 11:13:20 - [TEST_STEP][PASSED] - setText(findTestObject("Object Repository/Page_Factoriall/input_The greatest factorial calculator_number"), number): Text '-4*-5' is set on object 'Object Repository/Page_Factoriall/input_The greatest factorial calculator_number'

2021-02-16 11:13:20 - [MESSAGE][PASSED] - Text '-4*-5' is set on object 'Object Repository/Page_Factoriall/input_The greatest factorial calculator_number'

2021-02-16 11:13:20 - [TEST_STEP][PASSED] - click(findTestObject("Object Repository/Page_Factoriall/button_Calculate")): Object: 'Object Repository/Page_Factoriall/button_Calculate' is clicked on

2021-02-16 11:13:21 - [MESSAGE][PASSED] - Object: 'Object Repository/Page_Factoriall/button_Calculate' is clicked on]]></system-out>
         <system-err><![CDATA[]]></system-err>
      </testcase>
      <system-out><![CDATA[2021-02-16 11:09:16 - [TEST_SUITE][FAILED] - PruebaConDatosVarios: Test Cases/PruebaDatosVarios FAILED.
Reason:
com.kms.katalon.core.exception.StepFailedException: Unable to set text '0x0' of object 'Object Repository/Page_Factoriall/input_The greatest factorial calculator_number'
	at com.kms.katalon.core.webui.keyword.internal.WebUIKeywordMain.stepFailed(WebUIKeywordMain.groovy:64)
	at com.kms.katalon.core.webui.keyword.internal.WebUIKeywordMain.runKeyword(WebUIKeywordMain.groovy:26)
	at com.kms.katalon.core.webui.keyword.builtin.SetTextKeyword.setText(SetTextKeyword.groovy:66)
	at com.kms.katalon.core.webui.keyword.builtin.SetTextKeyword.execute(SetTextKeyword.groovy:37)
	at com.kms.katalon.core.keyword.internal.KeywordExecutor.executeKeywordForPlatform(KeywordExecutor.groovy:73)
	at com.kms.katalon.core.webui.keyword.WebUiBuiltInKeywords.setText(WebUiBuiltInKeywords.groovy:979)
	at com.kms.katalon.core.webui.keyword.WebUiBuiltInKeywords$setText$1.call(Unknown Source)
	at PruebaDatosVarios.run(PruebaDatosVarios:24)
	at com.kms.katalon.core.main.ScriptEngine.run(ScriptEngine.java:194)
	at com.kms.katalon.core.main.ScriptEngine.runScriptAsRawText(ScriptEngine.java:119)
	at com.kms.katalon.core.main.TestCaseExecutor.runScript(TestCaseExecutor.java:398)
	at com.kms.katalon.core.main.TestCaseExecutor.doExecute(TestCaseExecutor.java:389)
	at com.kms.katalon.core.main.TestCaseExecutor.processExecutionPhase(TestCaseExecutor.java:368)
	at com.kms.katalon.core.main.TestCaseExecutor.accessMainPhase(TestCaseExecutor.java:360)
	at com.kms.katalon.core.main.TestCaseExecutor.execute(TestCaseExecutor.java:255)
	at com.kms.katalon.core.main.TestSuiteExecutor.accessTestCaseMainPhase(TestSuiteExecutor.java:203)
	at com.kms.katalon.core.main.TestSuiteExecutor.accessTestSuiteMainPhase(TestSuiteExecutor.java:152)
	at com.kms.katalon.core.main.TestSuiteExecutor.execute(TestSuiteExecutor.java:95)
	at com.kms.katalon.core.main.TestCaseMain.startTestSuite(TestCaseMain.java:157)
	at com.kms.katalon.core.main.TestCaseMain$startTestSuite$0.call(Unknown Source)
	at TempTestSuite1613488154906.run(TempTestSuite1613488154906.groovy:39)
Caused by: com.kms.katalon.core.webui.exception.WebElementNotFoundException: Web element with id: 'Object Repository/Page_Factoriall/input_The greatest factorial calculator_number' located by '//input[@id='number']' not found
	at com.kms.katalon.core.webui.common.WebUiCommonHelper.findWebElement(WebUiCommonHelper.java:1368)
	at com.kms.katalon.core.webui.keyword.internal.WebUIAbstractKeyword.findWebElement(WebUIAbstractKeyword.groovy:27)
	at com.kms.katalon.core.webui.keyword.internal.WebUIAbstractKeyword.findWebElement(WebUIAbstractKeyword.groovy:26)
	at com.kms.katalon.core.webui.keyword.builtin.SetTextKeyword$_setText_closure1.doCall(SetTextKeyword.groovy:51)
	at com.kms.katalon.core.webui.keyword.builtin.SetTextKeyword$_setText_closure1.call(SetTextKeyword.groovy)
	at com.kms.katalon.core.webui.keyword.internal.WebUIKeywordMain.runKeyword(WebUIKeywordMain.groovy:20)
	... 19 more]]></system-out>
      <system-err><![CDATA[2021-02-16 11:09:16 - [TEST_SUITE][FAILED] - PruebaConDatosVarios: Test Cases/PruebaDatosVarios FAILED.
Reason:
com.kms.katalon.core.exception.StepFailedException: Unable to set text '0x0' of object 'Object Repository/Page_Factoriall/input_The greatest factorial calculator_number'
	at com.kms.katalon.core.webui.keyword.internal.WebUIKeywordMain.stepFailed(WebUIKeywordMain.groovy:64)
	at com.kms.katalon.core.webui.keyword.internal.WebUIKeywordMain.runKeyword(WebUIKeywordMain.groovy:26)
	at com.kms.katalon.core.webui.keyword.builtin.SetTextKeyword.setText(SetTextKeyword.groovy:66)
	at com.kms.katalon.core.webui.keyword.builtin.SetTextKeyword.execute(SetTextKeyword.groovy:37)
	at com.kms.katalon.core.keyword.internal.KeywordExecutor.executeKeywordForPlatform(KeywordExecutor.groovy:73)
	at com.kms.katalon.core.webui.keyword.WebUiBuiltInKeywords.setText(WebUiBuiltInKeywords.groovy:979)
	at com.kms.katalon.core.webui.keyword.WebUiBuiltInKeywords$setText$1.call(Unknown Source)
	at PruebaDatosVarios.run(PruebaDatosVarios:24)
	at com.kms.katalon.core.main.ScriptEngine.run(ScriptEngine.java:194)
	at com.kms.katalon.core.main.ScriptEngine.runScriptAsRawText(ScriptEngine.java:119)
	at com.kms.katalon.core.main.TestCaseExecutor.runScript(TestCaseExecutor.java:398)
	at com.kms.katalon.core.main.TestCaseExecutor.doExecute(TestCaseExecutor.java:389)
	at com.kms.katalon.core.main.TestCaseExecutor.processExecutionPhase(TestCaseExecutor.java:368)
	at com.kms.katalon.core.main.TestCaseExecutor.accessMainPhase(TestCaseExecutor.java:360)
	at com.kms.katalon.core.main.TestCaseExecutor.execute(TestCaseExecutor.java:255)
	at com.kms.katalon.core.main.TestSuiteExecutor.accessTestCaseMainPhase(TestSuiteExecutor.java:203)
	at com.kms.katalon.core.main.TestSuiteExecutor.accessTestSuiteMainPhase(TestSuiteExecutor.java:152)
	at com.kms.katalon.core.main.TestSuiteExecutor.execute(TestSuiteExecutor.java:95)
	at com.kms.katalon.core.main.TestCaseMain.startTestSuite(TestCaseMain.java:157)
	at com.kms.katalon.core.main.TestCaseMain$startTestSuite$0.call(Unknown Source)
	at TempTestSuite1613488154906.run(TempTestSuite1613488154906.groovy:39)
Caused by: com.kms.katalon.core.webui.exception.WebElementNotFoundException: Web element with id: 'Object Repository/Page_Factoriall/input_The greatest factorial calculator_number' located by '//input[@id='number']' not found
	at com.kms.katalon.core.webui.common.WebUiCommonHelper.findWebElement(WebUiCommonHelper.java:1368)
	at com.kms.katalon.core.webui.keyword.internal.WebUIAbstractKeyword.findWebElement(WebUIAbstractKeyword.groovy:27)
	at com.kms.katalon.core.webui.keyword.internal.WebUIAbstractKeyword.findWebElement(WebUIAbstractKeyword.groovy:26)
	at com.kms.katalon.core.webui.keyword.builtin.SetTextKeyword$_setText_closure1.doCall(SetTextKeyword.groovy:51)
	at com.kms.katalon.core.webui.keyword.builtin.SetTextKeyword$_setText_closure1.call(SetTextKeyword.groovy)
	at com.kms.katalon.core.webui.keyword.internal.WebUIKeywordMain.runKeyword(WebUIKeywordMain.groovy:20)
	... 19 more]]></system-err>
   </testsuite>
</testsuites>
